This file contains any messages produced by compilers while
running configure, to aid debugging if configure makes a mistake.

It was created by RtAudio configure 4.1, which was
generated by GNU Autoconf 2.69.  Invocation command line was

  $ ./configure --disable-option-checking --prefix=/usr/local --target=linux target_alias=linux --cache-file=/dev/null --srcdir=.

## --------- ##
## Platform. ##
## --------- ##

hostname = hp64
uname -m = x86_64
uname -r = 3.16.0-4-amd64
uname -s = Linux
uname -v = #1 SMP Debian 3.16.7-ckt7-1 (2015-03-01)

/usr/bin/uname -p = unknown
/bin/uname -X     = unknown

/bin/arch              = unknown
/usr/bin/arch -k       = unknown
/usr/convex/getsysinfo = unknown
/usr/bin/hostinfo      = unknown
/bin/machine           = unknown
/usr/bin/oslevel       = unknown
/bin/universe          = unknown

PATH: /usr/local/bin
PATH: /usr/bin
PATH: /bin
PATH: /usr/local/games
PATH: /usr/games
PATH: /usr/local/sbin
PATH: /usr/sbin
PATH: /sbin


## ----------- ##
## Core tests. ##
## ----------- ##

configure:2294: checking for pkg-config
configure:2312: found /usr/bin/pkg-config
configure:2324: result: /usr/bin/pkg-config
configure:2349: checking pkg-config is at least version 0.9.0
configure:2352: result: yes
configure:2422: checking for g++
configure:2438: found /usr/bin/g++
configure:2449: result: g++
configure:2476: checking for C++ compiler version
configure:2485: g++ --version >&5
g++ (Debian 4.9.2-10) 4.9.2
Copyright (C) 2014 Free Software Foundation, Inc.
This is free software; see the source for copying conditions.  There is NO
warranty; not even for MERCHANTABILITY or FITNESS FOR A PARTICULAR PURPOSE.

configure:2496: $? = 0
configure:2485: g++ -v >&5
Using built-in specs.
COLLECT_GCC=g++
COLLECT_LTO_WRAPPER=/usr/lib/gcc/x86_64-linux-gnu/4.9/lto-wrapper
Target: x86_64-linux-gnu
Configured with: ../src/configure -v --with-pkgversion='Debian 4.9.2-10' --with-bugurl=file:///usr/share/doc/gcc-4.9/README.Bugs --enable-languages=c,c++,java,go,d,fortran,objc,obj-c++ --prefix=/usr --program-suffix=-4.9 --enable-shared --enable-linker-build-id --libexecdir=/usr/lib --without-included-gettext --enable-threads=posix --with-gxx-include-dir=/usr/include/c++/4.9 --libdir=/usr/lib --enable-nls --with-sysroot=/ --enable-clocale=gnu --enable-libstdcxx-debug --enable-libstdcxx-time=yes --enable-gnu-unique-object --disable-vtable-verify --enable-plugin --with-system-zlib --disable-browser-plugin --enable-java-awt=gtk --enable-gtk-cairo --with-java-home=/usr/lib/jvm/java-1.5.0-gcj-4.9-amd64/jre --enable-java-home --with-jvm-root-dir=/usr/lib/jvm/java-1.5.0-gcj-4.9-amd64 --with-jvm-jar-dir=/usr/lib/jvm-exports/java-1.5.0-gcj-4.9-amd64 --with-arch-directory=amd64 --with-ecj-jar=/usr/share/java/eclipse-ecj.jar --enable-objc-gc --enable-multiarch --with-arch-32=i586 --with-abi=m64 --with-multilib-list=m32,m64,mx32 --enable-multilib --with-tune=generic --enable-checking=release --build=x86_64-linux-gnu --host=x86_64-linux-gnu --target=x86_64-linux-gnu
Thread model: posix
gcc version 4.9.2 (Debian 4.9.2-10) 
configure:2496: $? = 0
configure:2485: g++ -V >&5
g++: error: unrecognized command line option '-V'
g++: fatal error: no input files
compilation terminated.
configure:2496: $? = 4
configure:2485: g++ -qversion >&5
g++: error: unrecognized command line option '-qversion'
g++: fatal error: no input files
compilation terminated.
configure:2496: $? = 4
configure:2516: checking whether the C++ compiler works
configure:2538: g++    conftest.cpp  >&5
configure:2542: $? = 0
configure:2590: result: yes
configure:2593: checking for C++ compiler default output file name
configure:2595: result: a.out
configure:2601: checking for suffix of executables
configure:2608: g++ -o conftest    conftest.cpp  >&5
configure:2612: $? = 0
configure:2634: result: 
configure:2656: checking whether we are cross compiling
configure:2664: g++ -o conftest    conftest.cpp  >&5
configure:2668: $? = 0
configure:2675: ./conftest
configure:2679: $? = 0
configure:2694: result: no
configure:2699: checking for suffix of object files
configure:2721: g++ -c   conftest.cpp >&5
configure:2725: $? = 0
configure:2746: result: o
configure:2750: checking whether we are using the GNU C++ compiler
configure:2769: g++ -c   conftest.cpp >&5
configure:2769: $? = 0
configure:2778: result: yes
configure:2787: checking whether g++ accepts -g
configure:2807: g++ -c -g  conftest.cpp >&5
configure:2807: $? = 0
configure:2848: result: yes
configure:2914: checking for ranlib
configure:2930: found /usr/bin/ranlib
configure:2941: result: ranlib
configure:2965: checking for ar
configure:2983: found /usr/bin/ar
configure:2996: result: /usr/bin/ar
configure:3057: checking for gcc
configure:3073: found /usr/bin/gcc
configure:3084: result: gcc
configure:3313: checking for C compiler version
configure:3322: gcc --version >&5
gcc (Debian 4.9.2-10) 4.9.2
Copyright (C) 2014 Free Software Foundation, Inc.
This is free software; see the source for copying conditions.  There is NO
warranty; not even for MERCHANTABILITY or FITNESS FOR A PARTICULAR PURPOSE.

configure:3333: $? = 0
configure:3322: gcc -v >&5
Using built-in specs.
COLLECT_GCC=gcc
COLLECT_LTO_WRAPPER=/usr/lib/gcc/x86_64-linux-gnu/4.9/lto-wrapper
Target: x86_64-linux-gnu
Configured with: ../src/configure -v --with-pkgversion='Debian 4.9.2-10' --with-bugurl=file:///usr/share/doc/gcc-4.9/README.Bugs --enable-languages=c,c++,java,go,d,fortran,objc,obj-c++ --prefix=/usr --program-suffix=-4.9 --enable-shared --enable-linker-build-id --libexecdir=/usr/lib --without-included-gettext --enable-threads=posix --with-gxx-include-dir=/usr/include/c++/4.9 --libdir=/usr/lib --enable-nls --with-sysroot=/ --enable-clocale=gnu --enable-libstdcxx-debug --enable-libstdcxx-time=yes --enable-gnu-unique-object --disable-vtable-verify --enable-plugin --with-system-zlib --disable-browser-plugin --enable-java-awt=gtk --enable-gtk-cairo --with-java-home=/usr/lib/jvm/java-1.5.0-gcj-4.9-amd64/jre --enable-java-home --with-jvm-root-dir=/usr/lib/jvm/java-1.5.0-gcj-4.9-amd64 --with-jvm-jar-dir=/usr/lib/jvm-exports/java-1.5.0-gcj-4.9-amd64 --with-arch-directory=amd64 --with-ecj-jar=/usr/share/java/eclipse-ecj.jar --enable-objc-gc --enable-multiarch --with-arch-32=i586 --with-abi=m64 --with-multilib-list=m32,m64,mx32 --enable-multilib --with-tune=generic --enable-checking=release --build=x86_64-linux-gnu --host=x86_64-linux-gnu --target=x86_64-linux-gnu
Thread model: posix
gcc version 4.9.2 (Debian 4.9.2-10) 
configure:3333: $? = 0
configure:3322: gcc -V >&5
gcc: error: unrecognized command line option '-V'
gcc: fatal error: no input files
compilation terminated.
configure:3333: $? = 4
configure:3322: gcc -qversion >&5
gcc: error: unrecognized command line option '-qversion'
gcc: fatal error: no input files
compilation terminated.
configure:3333: $? = 4
configure:3337: checking whether we are using the GNU C compiler
configure:3356: gcc -c   conftest.c >&5
configure:3356: $? = 0
configure:3365: result: yes
configure:3374: checking whether gcc accepts -g
configure:3394: gcc -c -g  conftest.c >&5
configure:3394: $? = 0
configure:3435: result: yes
configure:3452: checking for gcc option to accept ISO C89
configure:3515: gcc  -c -g -O2  conftest.c >&5
configure:3515: $? = 0
configure:3528: result: none needed
configure:3554: checking how to run the C preprocessor
configure:3585: gcc -E  conftest.c
configure:3585: $? = 0
configure:3599: gcc -E  conftest.c
conftest.c:9:28: fatal error: ac_nonexistent.h: No such file or directory
 #include <ac_nonexistent.h>
                            ^
compilation terminated.
configure:3599: $? = 1
configure: failed program was:
| /* confdefs.h */
| #define PACKAGE_NAME "RtAudio"
| #define PACKAGE_TARNAME "rtaudio"
| #define PACKAGE_VERSION "4.1"
| #define PACKAGE_STRING "RtAudio 4.1"
| #define PACKAGE_BUGREPORT "gary@music.mcgill.ca"
| #define PACKAGE_URL ""
| /* end confdefs.h.  */
| #include <ac_nonexistent.h>
configure:3624: result: gcc -E
configure:3644: gcc -E  conftest.c
configure:3644: $? = 0
configure:3658: gcc -E  conftest.c
conftest.c:9:28: fatal error: ac_nonexistent.h: No such file or directory
 #include <ac_nonexistent.h>
                            ^
compilation terminated.
configure:3658: $? = 1
configure: failed program was:
| /* confdefs.h */
| #define PACKAGE_NAME "RtAudio"
| #define PACKAGE_TARNAME "rtaudio"
| #define PACKAGE_VERSION "4.1"
| #define PACKAGE_STRING "RtAudio 4.1"
| #define PACKAGE_BUGREPORT "gary@music.mcgill.ca"
| #define PACKAGE_URL ""
| /* end confdefs.h.  */
| #include <ac_nonexistent.h>
configure:3687: checking for grep that handles long lines and -e
configure:3745: result: /bin/grep
configure:3750: checking for egrep
configure:3812: result: /bin/grep -E
configure:3817: checking for ANSI C header files
configure:3837: gcc -c -g -O2  conftest.c >&5
configure:3837: $? = 0
configure:3910: gcc -o conftest -g -O2   conftest.c  >&5
configure:3910: $? = 0
configure:3910: ./conftest
configure:3910: $? = 0
configure:3921: result: yes
configure:3934: checking for sys/types.h
configure:3934: gcc -c -g -O2  conftest.c >&5
configure:3934: $? = 0
configure:3934: result: yes
configure:3934: checking for sys/stat.h
configure:3934: gcc -c -g -O2  conftest.c >&5
configure:3934: $? = 0
configure:3934: result: yes
configure:3934: checking for stdlib.h
configure:3934: gcc -c -g -O2  conftest.c >&5
configure:3934: $? = 0
configure:3934: result: yes
configure:3934: checking for string.h
configure:3934: gcc -c -g -O2  conftest.c >&5
configure:3934: $? = 0
configure:3934: result: yes
configure:3934: checking for memory.h
configure:3934: gcc -c -g -O2  conftest.c >&5
configure:3934: $? = 0
configure:3934: result: yes
configure:3934: checking for strings.h
configure:3934: gcc -c -g -O2  conftest.c >&5
configure:3934: $? = 0
configure:3934: result: yes
configure:3934: checking for inttypes.h
configure:3934: gcc -c -g -O2  conftest.c >&5
configure:3934: $? = 0
configure:3934: result: yes
configure:3934: checking for stdint.h
configure:3934: gcc -c -g -O2  conftest.c >&5
configure:3934: $? = 0
configure:3934: result: yes
configure:3934: checking for unistd.h
configure:3934: gcc -c -g -O2  conftest.c >&5
configure:3934: $? = 0
configure:3934: result: yes
configure:3949: checking sys/ioctl.h usability
configure:3949: gcc -c -g -O2  conftest.c >&5
configure:3949: $? = 0
configure:3949: result: yes
configure:3949: checking sys/ioctl.h presence
configure:3949: gcc -E  conftest.c
configure:3949: $? = 0
configure:3949: result: yes
configure:3949: checking for sys/ioctl.h
configure:3949: result: yes
configure:3949: checking for unistd.h
configure:3949: result: yes
configure:3961: checking whether to compile debug version
configure:3974: result: no
configure:3981: checking for gettimeofday
configure:3981: gcc -o conftest -g -O2   conftest.c  >&5
configure:3981: $? = 0
configure:3981: result: yes
configure:4012: checking build system type
configure:4026: result: x86_64-unknown-linux-gnu
configure:4046: checking host system type
configure:4059: result: x86_64-unknown-linux-gnu
configure:4101: checking for audio API
configure:4187: result: using JACK
configure:4189: checking for jack_client_open in -ljack
configure:4214: gcc -o conftest -g -O2  -I/usr/local/include  -DHAVE_GETTIMEOFDAY  conftest.c -ljack   -L/usr/local/lib >&5
configure:4214: $? = 0
configure:4223: result: yes
configure:4236: checking for snd_pcm_open in -lasound
configure:4261: gcc -o conftest -g -O2  -I/usr/local/include  -DHAVE_GETTIMEOFDAY  conftest.c -lasound  -ljack  -L/usr/local/lib >&5
configure:4261: $? = 0
configure:4270: result: yes
configure:4436: checking for pthread_create in -lpthread
configure:4461: gcc -o conftest -g -O2  -I/usr/local/include  -DHAVE_GETTIMEOFDAY  conftest.c -lpthread  -lasound -ljack  -L/usr/local/lib >&5
configure:4461: $? = 0
configure:4470: result: yes
configure:4841: creating ./config.status

## ---------------------- ##
## Running config.status. ##
## ---------------------- ##

This file was extended by RtAudio config.status 4.1, which was
generated by GNU Autoconf 2.69.  Invocation command line was

  CONFIG_FILES    = 
  CONFIG_HEADERS  = 
  CONFIG_LINKS    = 
  CONFIG_COMMANDS = 
  $ ./config.status 

on hp64

config.status:755: creating rtaudio-config
config.status:755: creating librtaudio.pc
config.status:755: creating Makefile
config.status:755: creating tests/Makefile

## ---------------- ##
## Cache variables. ##
## ---------------- ##

ac_cv_build=x86_64-unknown-linux-gnu
ac_cv_c_compiler_gnu=yes
ac_cv_cxx_compiler_gnu=yes
ac_cv_env_CCC_set=
ac_cv_env_CCC_value=
ac_cv_env_CC_set=
ac_cv_env_CC_value=
ac_cv_env_CFLAGS_set=
ac_cv_env_CFLAGS_value=
ac_cv_env_CPPFLAGS_set=
ac_cv_env_CPPFLAGS_value=
ac_cv_env_CPP_set=
ac_cv_env_CPP_value=
ac_cv_env_CXXFLAGS_set=
ac_cv_env_CXXFLAGS_value=
ac_cv_env_CXX_set=
ac_cv_env_CXX_value=
ac_cv_env_LDFLAGS_set=
ac_cv_env_LDFLAGS_value=
ac_cv_env_LIBS_set=
ac_cv_env_LIBS_value=
ac_cv_env_PKG_CONFIG_LIBDIR_set=
ac_cv_env_PKG_CONFIG_LIBDIR_value=
ac_cv_env_PKG_CONFIG_PATH_set=
ac_cv_env_PKG_CONFIG_PATH_value=
ac_cv_env_PKG_CONFIG_set=
ac_cv_env_PKG_CONFIG_value=
ac_cv_env_PULSE_CFLAGS_set=
ac_cv_env_PULSE_CFLAGS_value=
ac_cv_env_PULSE_LIBS_set=
ac_cv_env_PULSE_LIBS_value=
ac_cv_env_build_alias_set=
ac_cv_env_build_alias_value=
ac_cv_env_host_alias_set=
ac_cv_env_host_alias_value=
ac_cv_env_target_alias_set=set
ac_cv_env_target_alias_value=linux
ac_cv_func_gettimeofday=yes
ac_cv_header_inttypes_h=yes
ac_cv_header_memory_h=yes
ac_cv_header_stdc=yes
ac_cv_header_stdint_h=yes
ac_cv_header_stdlib_h=yes
ac_cv_header_string_h=yes
ac_cv_header_strings_h=yes
ac_cv_header_sys_ioctl_h=yes
ac_cv_header_sys_stat_h=yes
ac_cv_header_sys_types_h=yes
ac_cv_header_unistd_h=yes
ac_cv_host=x86_64-unknown-linux-gnu
ac_cv_lib_asound_snd_pcm_open=yes
ac_cv_lib_jack_jack_client_open=yes
ac_cv_lib_pthread_pthread_create=yes
ac_cv_objext=o
ac_cv_path_AR=/usr/bin/ar
ac_cv_path_EGREP='/bin/grep -E'
ac_cv_path_GREP=/bin/grep
ac_cv_path_ac_pt_PKG_CONFIG=/usr/bin/pkg-config
ac_cv_prog_CPP='gcc -E'
ac_cv_prog_ac_ct_CC=gcc
ac_cv_prog_ac_ct_CXX=g++
ac_cv_prog_ac_ct_RANLIB=ranlib
ac_cv_prog_cc_c89=
ac_cv_prog_cc_g=yes
ac_cv_prog_cxx_g=yes

## ----------------- ##
## Output variables. ##
## ----------------- ##

AR='/usr/bin/ar'
CC='gcc'
CFLAGS='-g -O2'
CPP='gcc -E'
CPPFLAGS=' -I/usr/local/include  -DHAVE_GETTIMEOFDAY  -D__UNIX_JACK__ -D__LINUX_ALSA__'
CXX='g++'
CXXFLAGS='-O2 -Wall -Wextra'
DEFS='-DPACKAGE_NAME=\"RtAudio\" -DPACKAGE_TARNAME=\"rtaudio\" -DPACKAGE_VERSION=\"4.1\" -DPACKAGE_STRING=\"RtAudio\ 4.1\" -DPACKAGE_BUGREPORT=\"gary@music.mcgill.ca\" -DPACKAGE_URL=\"\" -DSTDC_HEADERS=1 -DHAVE_SYS_TYPES_H=1 -DHAVE_SYS_STAT_H=1 -DHAVE_STDLIB_H=1 -DHAVE_STRING_H=1 -DHAVE_MEMORY_H=1 -DHAVE_STRINGS_H=1 -DHAVE_INTTYPES_H=1 -DHAVE_STDINT_H=1 -DHAVE_UNISTD_H=1 -DHAVE_SYS_IOCTL_H=1 -DHAVE_UNISTD_H=1 -DHAVE_LIBJACK=1 -DHAVE_LIBASOUND=1 -DHAVE_LIBPTHREAD=1'
ECHO_C=''
ECHO_N='-n'
ECHO_T=''
EGREP='/bin/grep -E'
EXEEXT=''
GREP='/bin/grep'
GXX='yes'
LDFLAGS=''
LIBOBJS=''
LIBS='-lpthread -lasound -ljack  -L/usr/local/lib'
LTLIBOBJS=''
OBJEXT='o'
PACKAGE_BUGREPORT='gary@music.mcgill.ca'
PACKAGE_NAME='RtAudio'
PACKAGE_STRING='RtAudio 4.1'
PACKAGE_TARNAME='rtaudio'
PACKAGE_URL=''
PACKAGE_VERSION='4.1'
PATH_SEPARATOR=':'
PKG_CONFIG='/usr/bin/pkg-config'
PKG_CONFIG_LIBDIR=''
PKG_CONFIG_PATH=''
PULSE_CFLAGS=''
PULSE_LIBS=''
RANLIB='ranlib'
SHELL='/bin/bash'
ac_ct_CC='gcc'
ac_ct_CXX='g++'
api=' -D__UNIX_JACK__ -D__LINUX_ALSA__'
bindir='${exec_prefix}/bin'
build='x86_64-unknown-linux-gnu'
build_alias=''
build_cpu='x86_64'
build_os='linux-gnu'
build_vendor='unknown'
cppflag=' -DHAVE_GETTIMEOFDAY'
cxxflag='-Wall -Wextra'
datadir='${datarootdir}'
datarootdir='${prefix}/share'
docdir='${datarootdir}/doc/${PACKAGE_TARNAME}'
dvidir='${docdir}'
exec_prefix='${prefix}'
host='x86_64-unknown-linux-gnu'
host_alias=''
host_cpu='x86_64'
host_os='linux-gnu'
host_vendor='unknown'
htmldir='${docdir}'
includedir='${prefix}/include'
infodir='${datarootdir}/info'
libdir='${exec_prefix}/lib'
libexecdir='${exec_prefix}/libexec'
libflags='-shared -Wl,-soname,$(SHARED).$(MAJOR) -o $(SHARED).$(RELEASE)'
localedir='${datarootdir}/locale'
localstatedir='${prefix}/var'
mandir='${datarootdir}/man'
object_path='Release'
objects=''
oldincludedir='/usr/include'
pdfdir='${docdir}'
prefix='/usr/local'
program_transform_name='s,x,x,'
psdir='${docdir}'
req=' jack alsa'
sbindir='${exec_prefix}/sbin'
sharedlib='librtaudio.so'
sharedname='librtaudio.so.$(RELEASE)'
sharedstatedir='${prefix}/com'
sysconfdir='${prefix}/etc'
target_alias='linux'

## ----------- ##
## confdefs.h. ##
## ----------- ##

/* confdefs.h */
#define PACKAGE_NAME "RtAudio"
#define PACKAGE_TARNAME "rtaudio"
#define PACKAGE_VERSION "4.1"
#define PACKAGE_STRING "RtAudio 4.1"
#define PACKAGE_BUGREPORT "gary@music.mcgill.ca"
#define PACKAGE_URL ""
#define STDC_HEADERS 1
#define HAVE_SYS_TYPES_H 1
#define HAVE_SYS_STAT_H 1
#define HAVE_STDLIB_H 1
#define HAVE_STRING_H 1
#define HAVE_MEMORY_H 1
#define HAVE_STRINGS_H 1
#define HAVE_INTTYPES_H 1
#define HAVE_STDINT_H 1
#define HAVE_UNISTD_H 1
#define HAVE_SYS_IOCTL_H 1
#define HAVE_UNISTD_H 1
#define HAVE_LIBJACK 1
#define HAVE_LIBASOUND 1
#define HAVE_LIBPTHREAD 1

configure: exit 0
